<?xml version="1.0" encoding="UTF-8"?>
<!-- Generated by org.testng.reporters.JUnitReportReporter -->
<testsuite skipped="0" hostname="Ramya" name="com.datadriven.test.AmazonRegTest" tests="5" failures="0" timestamp="27 Apr 2018 07:02:06 GMT" time="65.609" errors="0">
  <testcase name="amazonRegPageTest" time="12.071" classname="com.datadriven.test.AmazonRegTest"/>
  <testcase name="amazonRegPageTest" time="10.920" classname="com.datadriven.test.AmazonRegTest"/>
  <testcase name="amazonRegPageTest" time="10.035" classname="com.datadriven.test.AmazonRegTest"/>
  <testcase name="amazonRegPageTest" time="22.567" classname="com.datadriven.test.AmazonRegTest"/>
  <testcase name="amazonRegPageTest" time="10.016" classname="com.datadriven.test.AmazonRegTest"/>
</testsuite> <!-- com.datadriven.test.AmazonRegTest -->
