<?xml version="1.0" encoding="UTF-8"?>
<!-- Generated by org.testng.reporters.JUnitReportReporter -->
<testsuite skipped="0" hostname="Ramya" name="com.test.ExceptionTimeOutTest" tests="1" failures="0" timestamp="27 Apr 2018 07:25:04 GMT" time="0.015" errors="0">
  <testcase name="test1" time="0.015" classname="com.test.ExceptionTimeOutTest"/>
</testsuite> <!-- com.test.ExceptionTimeOutTest -->
