<?xml version="1.0" encoding="UTF-8"?>
<!-- Generated by org.testng.reporters.JUnitReportReporter -->
<testsuite skipped="0" hostname="Ramya" name="SeleniumSessions.DownloadFileCocept" tests="1" failures="0" timestamp="09 Dec 2018 06:09:33 GMT" time="15.605" errors="0">
  <testcase name="downloadFileTest" time="15.605" classname="SeleniumSessions.DownloadFileCocept"/>
</testsuite> <!-- SeleniumSessions.DownloadFileCocept -->
