<?xml version="1.0" encoding="UTF-8"?>
<!-- Generated by org.testng.reporters.JUnitReportReporter -->
<testsuite skipped="0" hostname="Ramya" name="com.parameters.ParameterTest" tests="1" failures="0" timestamp="27 Apr 2018 07:15:24 GMT" time="13.912" errors="0">
  <testcase name="yahooLoginTest" time="13.912" classname="com.parameters.ParameterTest"/>
</testsuite> <!-- com.parameters.ParameterTest -->
