<?xml version="1.0" encoding="UTF-8"?>
<!-- Generated by org.testng.reporters.JUnitReportReporter -->
<testsuite skipped="4" hostname="Ramya" name="com.test.TestNgFeatures" tests="6" failures="0" timestamp="18 Dec 2018 16:01:16 GMT" time="0.029" errors="0">
  <testcase name="loginTest" time="0.016" classname="com.test.TestNgFeatures">
    <skipped/>
  </testcase> <!-- loginTest -->
  <testcase name="aissing" time="0.013" classname="com.test.TestNgFeatures"/>
  <testcase name="loginTest1" time="0.000" classname="com.test.TestNgFeatures"/>
  <testcase name="searchPageTest" time="0.000" classname="com.test.TestNgFeatures">
    <skipped/>
  </testcase> <!-- searchPageTest -->
  <testcase name="homePageTest" time="0.000" classname="com.test.TestNgFeatures">
    <skipped/>
  </testcase> <!-- homePageTest -->
  <testcase name="regPageTest" time="0.000" classname="com.test.TestNgFeatures">
    <skipped/>
  </testcase> <!-- regPageTest -->
</testsuite> <!-- com.test.TestNgFeatures -->
