<?xml version="1.0" encoding="UTF-8"?>
<!-- Generated by org.testng.reporters.JUnitReportReporter -->
<testsuite skipped="0" hostname="Ramya" name="com.test.TestNgFeatures" tests="5" failures="0" timestamp="24 Jun 2018 07:24:19 GMT" time="0.054" errors="0">
  <testcase name="aissing" time="0.003" classname="com.test.TestNgFeatures"/>
  <testcase name="loginTest" time="0.037" classname="com.test.TestNgFeatures"/>
  <testcase name="searchPageTest" time="0.007" classname="com.test.TestNgFeatures"/>
  <testcase name="homePageTest" time="0.004" classname="com.test.TestNgFeatures"/>
  <testcase name="regPageTest" time="0.003" classname="com.test.TestNgFeatures"/>
</testsuite> <!-- com.test.TestNgFeatures -->
