<?xml version="1.0" encoding="UTF-8"?>
<!-- Generated by org.testng.reporters.JUnitReportReporter -->
<testsuite skipped="0" hostname="Ramya" name="com.test.GoogleTest" tests="6" failures="0" timestamp="22 Mar 2018 14:04:26 GMT" time="73.650" errors="0">
  <testcase name="googleTitleTest" time="14.312" classname="com.test.GoogleTest"/>
  <testcase name="mailLinkTest" time="12.537" classname="com.test.GoogleTest"/>
  <testcase name="googleLogoTest" time="14.207" classname="com.test.GoogleTest"/>
  <testcase name="test1" time="11.436" classname="com.test.GoogleTest"/>
  <testcase name="test2" time="11.499" classname="com.test.GoogleTest"/>
  <testcase name="test3" time="9.659" classname="com.test.GoogleTest"/>
</testsuite> <!-- com.test.GoogleTest -->
