<?xml version="1.0" encoding="UTF-8"?>
<!-- Generated by org.testng.reporters.JUnitReportReporter -->
<testsuite skipped="0" hostname="Ramya" name="com.test.TestNgBasics" tests="3" failures="0" timestamp="24 Jun 2018 07:15:10 GMT" time="0.034" errors="0">
  <testcase name="googleLogoTest" time="0.016" classname="com.test.TestNgBasics"/>
  <testcase name="googleTitleTest" time="0.014" classname="com.test.TestNgBasics"/>
  <testcase name="searchTest" time="0.004" classname="com.test.TestNgBasics"/>
</testsuite> <!-- com.test.TestNgBasics -->
